C:\Program Files (x86)\MSBuild\Microsoft.Cpp\v4.0\V140\Microsoft.CppBuild.targets(392,5): warning MSB8028: The intermediate directory (x64\Debug\) contains files shared from another project (CannyStill1.vcxproj).  This can lead to incorrect clean and rebuild behavior.
  BlinkManager.cpp
c:\opencv-3.1.0\opencv\build\include\opencv2\core\mat.hpp(1965): warning C4819: The file contains a character that cannot be represented in the current code page (932). Save the file in Unicode format to prevent data loss
c:\opencv-3.1.0\opencv\build\include\opencv2\core\persistence.hpp : warning C4819: The file contains a character that cannot be represented in the current code page (932). Save the file in Unicode format to prevent data loss
c:\opencv-3.1.0\opencv\build\include\opencv2\core\utility.hpp : warning C4819: The file contains a character that cannot be represented in the current code page (932). Save the file in Unicode format to prevent data loss
c:\opencv-3.1.0\opencv\build\include\opencv2\core\utility.hpp : warning C4819: The file contains a character that cannot be represented in the current code page (932). Save the file in Unicode format to prevent data loss
c:\users\burstlinker 2\documents\visual studio 2015\projects\blinkdetection\blinkdetection\blinkmanager.h(20): error C3646: 'blinkDetector': unknown override specifier
c:\users\burstlinker 2\documents\visual studio 2015\projects\blinkdetection\blinkdetection\blinkmanager.h(20): error C4430: missing type specifier - int assumed. Note: C++ does not support default-int
c:\users\burstlinker 2\documents\visual studio 2015\projects\blinkdetection\blinkdetection\blinkmanager.cpp(12): error C2065: 'blinkDetector': undeclared identifier
c:\users\burstlinker 2\documents\visual studio 2015\projects\blinkdetection\blinkdetection\blinkmanager.cpp(84): error C2039: 'CheckEyeStatus': is not a member of 'BlinkManager'
  c:\users\burstlinker 2\documents\visual studio 2015\projects\blinkdetection\blinkdetection\blinkmanager.h(16): note: see declaration of 'BlinkManager'
c:\users\burstlinker 2\documents\visual studio 2015\projects\blinkdetection\blinkdetection\blinkmanager.cpp(84): error C2059: syntax error: ')'
c:\users\burstlinker 2\documents\visual studio 2015\projects\blinkdetection\blinkdetection\blinkmanager.cpp(85): error C2143: syntax error: missing ')' before '{'
c:\users\burstlinker 2\documents\visual studio 2015\projects\blinkdetection\blinkdetection\blinkmanager.cpp(86): error C2065: 'blinkManager': undeclared identifier
c:\users\burstlinker 2\documents\visual studio 2015\projects\blinkdetection\blinkdetection\blinkmanager.cpp(86): error C2228: left of '.OpenEyeDetectedFromTemplate' must have class/struct/union
  c:\users\burstlinker 2\documents\visual studio 2015\projects\blinkdetection\blinkdetection\blinkmanager.cpp(86): note: type is 'unknown-type'
c:\users\burstlinker 2\documents\visual studio 2015\projects\blinkdetection\blinkdetection\blinkmanager.cpp(86): error C2065: 'resultImage': undeclared identifier
c:\users\burstlinker 2\documents\visual studio 2015\projects\blinkdetection\blinkdetection\blinkmanager.cpp(86): error C2275: 'cv::Mat': illegal use of this type as an expression
  c:\opencv-3.1.0\opencv\build\include\opencv2\core\mat.hpp(741): note: see declaration of 'cv::Mat'
c:\users\burstlinker 2\documents\visual studio 2015\projects\blinkdetection\blinkdetection\blinkmanager.cpp(87): error C2065: 'blinkManager': undeclared identifier
c:\users\burstlinker 2\documents\visual studio 2015\projects\blinkdetection\blinkdetection\blinkmanager.cpp(87): error C2228: left of '.OpenEyeDetectedFromTemplate' must have class/struct/union
  c:\users\burstlinker 2\documents\visual studio 2015\projects\blinkdetection\blinkdetection\blinkmanager.cpp(87): note: type is 'unknown-type'
c:\users\burstlinker 2\documents\visual studio 2015\projects\blinkdetection\blinkdetection\blinkmanager.cpp(87): error C2065: 'image': undeclared identifier
c:\users\burstlinker 2\documents\visual studio 2015\projects\blinkdetection\blinkdetection\blinkmanager.cpp(87): error C2275: 'cv::Mat': illegal use of this type as an expression
  c:\opencv-3.1.0\opencv\build\include\opencv2\core\mat.hpp(741): note: see declaration of 'cv::Mat'
c:\users\burstlinker 2\documents\visual studio 2015\projects\blinkdetection\blinkdetection\blinkmanager.cpp(87): error C2065: 'resultImage': undeclared identifier
  BlinkDetector.cpp
c:\opencv-3.1.0\opencv\build\include\opencv2\core\mat.hpp(1965): warning C4819: The file contains a character that cannot be represented in the current code page (932). Save the file in Unicode format to prevent data loss
c:\opencv-3.1.0\opencv\build\include\opencv2\core\persistence.hpp : warning C4819: The file contains a character that cannot be represented in the current code page (932). Save the file in Unicode format to prevent data loss
c:\opencv-3.1.0\opencv\build\include\opencv2\core\utility.hpp : warning C4819: The file contains a character that cannot be represented in the current code page (932). Save the file in Unicode format to prevent data loss
c:\opencv-3.1.0\opencv\build\include\opencv2\core\utility.hpp : warning C4819: The file contains a character that cannot be represented in the current code page (932). Save the file in Unicode format to prevent data loss
c:\users\burstlinker 2\documents\visual studio 2015\projects\blinkdetection\blinkdetection\blinkdetector.cpp(14): error C2572: 'BlinkDetector::OpenEyeDetectedFromTemplate': redefinition of default argument: parameter 1
  c:\users\burstlinker 2\documents\visual studio 2015\projects\blinkdetection\blinkdetection\blinkdetector.h(30): note: see declaration of 'BlinkDetector::OpenEyeDetectedFromTemplate'
c:\users\burstlinker 2\documents\visual studio 2015\projects\blinkdetection\blinkdetection\blinkdetector.cpp(52): error C2664: 'bool BlinkDetector::OpenEyeDetectedFromTemplate(cv::Mat &,cv::Mat &,bool)': cannot convert argument 3 from 'cv::Mat' to 'bool'
  c:\users\burstlinker 2\documents\visual studio 2015\projects\blinkdetection\blinkdetection\blinkdetector.cpp(52): note: No user-defined-conversion operator available that can perform this conversion, or the operator cannot be called
c:\users\burstlinker 2\documents\visual studio 2015\projects\blinkdetection\blinkdetection\blinkdetector.cpp(53): error C2664: 'bool BlinkDetector::OpenEyeDetectedFromTemplate(cv::Mat &,cv::Mat &,bool)': cannot convert argument 3 from 'cv::Mat' to 'bool'
  c:\users\burstlinker 2\documents\visual studio 2015\projects\blinkdetection\blinkdetection\blinkdetector.cpp(53): note: No user-defined-conversion operator available that can perform this conversion, or the operator cannot be called
  Generating Code...
  Compiling...
  Detections.cpp
c:\opencv-3.1.0\opencv\build\include\opencv2\core\mat.hpp(1965): warning C4819: The file contains a character that cannot be represented in the current code page (932). Save the file in Unicode format to prevent data loss
c:\opencv-3.1.0\opencv\build\include\opencv2\core\persistence.hpp : warning C4819: The file contains a character that cannot be represented in the current code page (932). Save the file in Unicode format to prevent data loss
c:\opencv-3.1.0\opencv\build\include\opencv2\core\utility.hpp : warning C4819: The file contains a character that cannot be represented in the current code page (932). Save the file in Unicode format to prevent data loss
c:\opencv-3.1.0\opencv\build\include\opencv2\core\utility.hpp : warning C4819: The file contains a character that cannot be represented in the current code page (932). Save the file in Unicode format to prevent data loss
c:\users\burstlinker 2\documents\visual studio 2015\projects\blinkdetection\blinkdetection\detections.cpp(157): warning C4244: 'argument': conversion from 'int' to 'float', possible loss of data
c:\users\burstlinker 2\documents\visual studio 2015\projects\blinkdetection\blinkdetection\detections.cpp(158): warning C4244: 'argument': conversion from 'int' to 'float', possible loss of data
c:\users\burstlinker 2\documents\visual studio 2015\projects\blinkdetection\blinkdetection\detections.cpp(159): warning C4244: 'argument': conversion from 'int' to 'float', possible loss of data
c:\users\burstlinker 2\documents\visual studio 2015\projects\blinkdetection\blinkdetection\detections.cpp(160): warning C4244: 'argument': conversion from 'int' to 'float', possible loss of data
c:\users\burstlinker 2\documents\visual studio 2015\projects\blinkdetection\blinkdetection\detections.cpp(166): warning C4244: 'argument': conversion from 'int' to 'float', possible loss of data
c:\users\burstlinker 2\documents\visual studio 2015\projects\blinkdetection\blinkdetection\detections.cpp(167): warning C4244: 'argument': conversion from 'int' to 'float', possible loss of data
c:\users\burstlinker 2\documents\visual studio 2015\projects\blinkdetection\blinkdetection\detections.cpp(168): warning C4244: 'argument': conversion from 'int' to 'float', possible loss of data
c:\users\burstlinker 2\documents\visual studio 2015\projects\blinkdetection\blinkdetection\detections.cpp(169): warning C4244: 'argument': conversion from 'int' to 'float', possible loss of data
  Generating Code...
  Compiling...
  main.cpp
c:\opencv-3.1.0\opencv\build\include\opencv2\core\mat.hpp(1965): warning C4819: The file contains a character that cannot be represented in the current code page (932). Save the file in Unicode format to prevent data loss
c:\opencv-3.1.0\opencv\build\include\opencv2\core\persistence.hpp : warning C4819: The file contains a character that cannot be represented in the current code page (932). Save the file in Unicode format to prevent data loss
c:\opencv-3.1.0\opencv\build\include\opencv2\core\utility.hpp : warning C4819: The file contains a character that cannot be represented in the current code page (932). Save the file in Unicode format to prevent data loss
c:\opencv-3.1.0\opencv\build\include\opencv2\core\utility.hpp : warning C4819: The file contains a character that cannot be represented in the current code page (932). Save the file in Unicode format to prevent data loss
c:\users\burstlinker 2\documents\visual studio 2015\projects\blinkdetection\blinkdetection\blinkmanager.h(20): error C3646: 'blinkDetector': unknown override specifier
c:\users\burstlinker 2\documents\visual studio 2015\projects\blinkdetection\blinkdetection\blinkmanager.h(20): error C4430: missing type specifier - int assumed. Note: C++ does not support default-int
  Generating Code...
